\BOOKMARK [0][-]{chapter.1}{\376\377\0001\000\040\000R\000E\000A\000D\000M\000E}{}% 1
\BOOKMARK [0][-]{chapter.2}{\376\377\0002\000\040\000H\000i\000e\000r\000a\000r\000c\000h\000i\000c\000a\000l\000\040\000I\000n\000d\000e\000x}{}% 2
\BOOKMARK [1][-]{section.2.1}{\376\377\0002\000.\0001\000\040\000C\000l\000a\000s\000s\000\040\000H\000i\000e\000r\000a\000r\000c\000h\000y}{chapter.2}% 3
\BOOKMARK [0][-]{chapter.3}{\376\377\0003\000\040\000C\000l\000a\000s\000s\000\040\000I\000n\000d\000e\000x}{}% 4
\BOOKMARK [1][-]{section.3.1}{\376\377\0003\000.\0001\000\040\000C\000l\000a\000s\000s\000\040\000L\000i\000s\000t}{chapter.3}% 5
\BOOKMARK [0][-]{chapter.4}{\376\377\0004\000\040\000F\000i\000l\000e\000\040\000I\000n\000d\000e\000x}{}% 6
\BOOKMARK [1][-]{section.4.1}{\376\377\0004\000.\0001\000\040\000F\000i\000l\000e\000\040\000L\000i\000s\000t}{chapter.4}% 7
\BOOKMARK [0][-]{chapter.5}{\376\377\0005\000\040\000C\000l\000a\000s\000s\000\040\000D\000o\000c\000u\000m\000e\000n\000t\000a\000t\000i\000o\000n}{}% 8
\BOOKMARK [1][-]{section.5.1}{\376\377\0005\000.\0001\000\040\000C\000a\000n\000a\000l\000\040\000C\000l\000a\000s\000s\000\040\000R\000e\000f\000e\000r\000e\000n\000c\000e}{chapter.5}% 9
\BOOKMARK [2][-]{subsection.5.1.1}{\376\377\0005\000.\0001\000.\0001\000\040\000C\000o\000n\000s\000t\000r\000u\000c\000t\000o\000r\000\040\000\046\000\040\000D\000e\000s\000t\000r\000u\000c\000t\000o\000r\000\040\000D\000o\000c\000u\000m\000e\000n\000t\000a\000t\000i\000o\000n}{section.5.1}% 10
\BOOKMARK [3][-]{subsubsection.5.1.1.1}{\376\377\0005\000.\0001\000.\0001\000.\0001\000\040\000C\000a\000n\000a\000l\000\050\000\051\000\040\000[\0001\000/\0002\000]}{subsection.5.1.1}% 11
\BOOKMARK [3][-]{subsubsection.5.1.1.2}{\376\377\0005\000.\0001\000.\0001\000.\0002\000\040\000~\000C\000a\000n\000a\000l\000\050\000\051}{subsection.5.1.1}% 12
\BOOKMARK [3][-]{subsubsection.5.1.1.3}{\376\377\0005\000.\0001\000.\0001\000.\0003\000\040\000C\000a\000n\000a\000l\000\050\000\051\000\040\000[\0002\000/\0002\000]}{subsection.5.1.1}% 13
\BOOKMARK [2][-]{subsection.5.1.2}{\376\377\0005\000.\0001\000.\0002\000\040\000M\000e\000m\000b\000e\000r\000\040\000F\000u\000n\000c\000t\000i\000o\000n\000\040\000D\000o\000c\000u\000m\000e\000n\000t\000a\000t\000i\000o\000n}{section.5.1}% 14
\BOOKMARK [3][-]{subsubsection.5.1.2.1}{\376\377\0005\000.\0001\000.\0002\000.\0001\000\040\000g\000e\000t\000N\000o\000m\000e\000\050\000\051}{subsection.5.1.2}% 15
\BOOKMARK [3][-]{subsubsection.5.1.2.2}{\376\377\0005\000.\0001\000.\0002\000.\0002\000\040\000o\000p\000e\000r\000a\000t\000o\000r\000=\000=\000\050\000\051}{subsection.5.1.2}% 16
\BOOKMARK [3][-]{subsubsection.5.1.2.3}{\376\377\0005\000.\0001\000.\0002\000.\0003\000\040\000s\000e\000t\000N\000o\000m\000e\000\050\000\051}{subsection.5.1.2}% 17
\BOOKMARK [1][-]{section.5.2}{\376\377\0005\000.\0002\000\040\000C\000a\000n\000a\000l\000\137\000T\000e\000x\000t\000o\000\040\000C\000l\000a\000s\000s\000\040\000R\000e\000f\000e\000r\000e\000n\000c\000e}{chapter.5}% 18
\BOOKMARK [2][-]{subsection.5.2.1}{\376\377\0005\000.\0002\000.\0001\000\040\000C\000o\000n\000s\000t\000r\000u\000c\000t\000o\000r\000\040\000\046\000\040\000D\000e\000s\000t\000r\000u\000c\000t\000o\000r\000\040\000D\000o\000c\000u\000m\000e\000n\000t\000a\000t\000i\000o\000n}{section.5.2}% 19
\BOOKMARK [3][-]{subsubsection.5.2.1.1}{\376\377\0005\000.\0002\000.\0001\000.\0001\000\040\000C\000a\000n\000a\000l\000\137\000T\000e\000x\000t\000o\000\050\000\051}{subsection.5.2.1}% 20
\BOOKMARK [3][-]{subsubsection.5.2.1.2}{\376\377\0005\000.\0002\000.\0001\000.\0002\000\040\000~\000C\000a\000n\000a\000l\000\137\000T\000e\000x\000t\000o\000\050\000\051}{subsection.5.2.1}% 21
\BOOKMARK [1][-]{section.5.3}{\376\377\0005\000.\0003\000\040\000C\000a\000n\000a\000l\000\137\000V\000o\000z\000\040\000C\000l\000a\000s\000s\000\040\000R\000e\000f\000e\000r\000e\000n\000c\000e}{chapter.5}% 22
\BOOKMARK [2][-]{subsection.5.3.1}{\376\377\0005\000.\0003\000.\0001\000\040\000C\000o\000n\000s\000t\000r\000u\000c\000t\000o\000r\000\040\000\046\000\040\000D\000e\000s\000t\000r\000u\000c\000t\000o\000r\000\040\000D\000o\000c\000u\000m\000e\000n\000t\000a\000t\000i\000o\000n}{section.5.3}% 23
\BOOKMARK [3][-]{subsubsection.5.3.1.1}{\376\377\0005\000.\0003\000.\0001\000.\0001\000\040\000C\000a\000n\000a\000l\000\137\000V\000o\000z\000\050\000\051}{subsection.5.3.1}% 24
\BOOKMARK [3][-]{subsubsection.5.3.1.2}{\376\377\0005\000.\0003\000.\0001\000.\0002\000\040\000~\000C\000a\000n\000a\000l\000\137\000V\000o\000z\000\050\000\051}{subsection.5.3.1}% 25
\BOOKMARK [2][-]{subsection.5.3.2}{\376\377\0005\000.\0003\000.\0002\000\040\000M\000e\000m\000b\000e\000r\000\040\000F\000u\000n\000c\000t\000i\000o\000n\000\040\000D\000o\000c\000u\000m\000e\000n\000t\000a\000t\000i\000o\000n}{section.5.3}% 26
\BOOKMARK [3][-]{subsubsection.5.3.2.1}{\376\377\0005\000.\0003\000.\0002\000.\0001\000\040\000g\000e\000t\000U\000l\000t\000i\000m\000a\000\050\000\051}{subsection.5.3.2}% 27
\BOOKMARK [3][-]{subsubsection.5.3.2.2}{\376\377\0005\000.\0003\000.\0002\000.\0002\000\040\000s\000e\000t\000U\000l\000t\000i\000m\000a\000\050\000\051}{subsection.5.3.2}% 28
\BOOKMARK [1][-]{section.5.4}{\376\377\0005\000.\0004\000\040\000M\000e\000n\000s\000a\000g\000e\000m\000\040\000C\000l\000a\000s\000s\000\040\000R\000e\000f\000e\000r\000e\000n\000c\000e}{chapter.5}% 29
\BOOKMARK [2][-]{subsection.5.4.1}{\376\377\0005\000.\0004\000.\0001\000\040\000D\000e\000t\000a\000i\000l\000e\000d\000\040\000D\000e\000s\000c\000r\000i\000p\000t\000i\000o\000n}{section.5.4}% 30
\BOOKMARK [2][-]{subsection.5.4.2}{\376\377\0005\000.\0004\000.\0002\000\040\000C\000o\000n\000s\000t\000r\000u\000c\000t\000o\000r\000\040\000\046\000\040\000D\000e\000s\000t\000r\000u\000c\000t\000o\000r\000\040\000D\000o\000c\000u\000m\000e\000n\000t\000a\000t\000i\000o\000n}{section.5.4}% 31
\BOOKMARK [3][-]{subsubsection.5.4.2.1}{\376\377\0005\000.\0004\000.\0002\000.\0001\000\040\000M\000e\000n\000s\000a\000g\000e\000m\000\050\000\051\000\040\000[\0001\000/\0002\000]}{subsection.5.4.2}% 32
\BOOKMARK [3][-]{subsubsection.5.4.2.2}{\376\377\0005\000.\0004\000.\0002\000.\0002\000\040\000~\000M\000e\000n\000s\000a\000g\000e\000m\000\050\000\051}{subsection.5.4.2}% 33
\BOOKMARK [3][-]{subsubsection.5.4.2.3}{\376\377\0005\000.\0004\000.\0002\000.\0003\000\040\000M\000e\000n\000s\000a\000g\000e\000m\000\050\000\051\000\040\000[\0002\000/\0002\000]}{subsection.5.4.2}% 34
\BOOKMARK [2][-]{subsection.5.4.3}{\376\377\0005\000.\0004\000.\0003\000\040\000M\000e\000m\000b\000e\000r\000\040\000F\000u\000n\000c\000t\000i\000o\000n\000\040\000D\000o\000c\000u\000m\000e\000n\000t\000a\000t\000i\000o\000n}{section.5.4}% 35
\BOOKMARK [3][-]{subsubsection.5.4.3.1}{\376\377\0005\000.\0004\000.\0003\000.\0001\000\040\000g\000e\000t\000C\000o\000n\000t\000e\000u\000d\000o\000\050\000\051}{subsection.5.4.3}% 36
\BOOKMARK [3][-]{subsubsection.5.4.3.2}{\376\377\0005\000.\0004\000.\0003\000.\0002\000\040\000g\000e\000t\000D\000a\000t\000a\000H\000o\000r\000a\000\050\000\051}{subsection.5.4.3}% 37
\BOOKMARK [3][-]{subsubsection.5.4.3.3}{\376\377\0005\000.\0004\000.\0003\000.\0003\000\040\000g\000e\000t\000E\000n\000v\000i\000a\000d\000o\000P\000o\000r\000\050\000\051}{subsection.5.4.3}% 38
\BOOKMARK [3][-]{subsubsection.5.4.3.4}{\376\377\0005\000.\0004\000.\0003\000.\0004\000\040\000o\000p\000e\000r\000a\000t\000o\000r\000=\000=\000\050\000\051}{subsection.5.4.3}% 39
\BOOKMARK [3][-]{subsubsection.5.4.3.5}{\376\377\0005\000.\0004\000.\0003\000.\0005\000\040\000s\000e\000t\000C\000o\000n\000t\000e\000u\000d\000o\000\050\000\051}{subsection.5.4.3}% 40
\BOOKMARK [3][-]{subsubsection.5.4.3.6}{\376\377\0005\000.\0004\000.\0003\000.\0006\000\040\000s\000e\000t\000D\000a\000t\000a\000H\000o\000r\000a\000\050\000\051}{subsection.5.4.3}% 41
\BOOKMARK [3][-]{subsubsection.5.4.3.7}{\376\377\0005\000.\0004\000.\0003\000.\0007\000\040\000s\000e\000t\000E\000n\000v\000i\000a\000d\000o\000P\000o\000r\000\050\000\051}{subsection.5.4.3}% 42
\BOOKMARK [1][-]{section.5.5}{\376\377\0005\000.\0005\000\040\000P\000a\000r\000s\000e\000r\000\040\000C\000l\000a\000s\000s\000\040\000R\000e\000f\000e\000r\000e\000n\000c\000e}{chapter.5}% 43
\BOOKMARK [2][-]{subsection.5.5.1}{\376\377\0005\000.\0005\000.\0001\000\040\000D\000e\000t\000a\000i\000l\000e\000d\000\040\000D\000e\000s\000c\000r\000i\000p\000t\000i\000o\000n}{section.5.5}% 44
\BOOKMARK [2][-]{subsection.5.5.2}{\376\377\0005\000.\0005\000.\0002\000\040\000M\000e\000m\000b\000e\000r\000\040\000F\000u\000n\000c\000t\000i\000o\000n\000\040\000D\000o\000c\000u\000m\000e\000n\000t\000a\000t\000i\000o\000n}{section.5.5}% 45
\BOOKMARK [3][-]{subsubsection.5.5.2.1}{\376\377\0005\000.\0005\000.\0002\000.\0001\000\040\000g\000e\000t\000A\000r\000g\000\050\000\051}{subsection.5.5.2}% 46
\BOOKMARK [3][-]{subsubsection.5.5.2.2}{\376\377\0005\000.\0005\000.\0002\000.\0002\000\040\000g\000e\000t\000A\000r\000g\000s\000E\000s\000p\000a\000c\000e\000\050\000\051}{subsection.5.5.2}% 47
\BOOKMARK [3][-]{subsubsection.5.5.2.3}{\376\377\0005\000.\0005\000.\0002\000.\0003\000\040\000g\000e\000t\000C\000o\000m\000a\000n\000d\000o\000\050\000\051}{subsection.5.5.2}% 48
\BOOKMARK [3][-]{subsubsection.5.5.2.4}{\376\377\0005\000.\0005\000.\0002\000.\0004\000\040\000p\000a\000r\000s\000e\000\050\000\051}{subsection.5.5.2}% 49
\BOOKMARK [3][-]{subsubsection.5.5.2.5}{\376\377\0005\000.\0005\000.\0002\000.\0005\000\040\000p\000r\000i\000n\000t\000\050\000\051}{subsection.5.5.2}% 50
\BOOKMARK [3][-]{subsubsection.5.5.2.6}{\376\377\0005\000.\0005\000.\0002\000.\0006\000\040\000q\000t\000d\000A\000r\000g\000s\000\050\000\051}{subsection.5.5.2}% 51
\BOOKMARK [1][-]{section.5.6}{\376\377\0005\000.\0006\000\040\000S\000e\000r\000v\000i\000d\000o\000r\000\040\000C\000l\000a\000s\000s\000\040\000R\000e\000f\000e\000r\000e\000n\000c\000e}{chapter.5}% 52
\BOOKMARK [2][-]{subsection.5.6.1}{\376\377\0005\000.\0006\000.\0001\000\040\000D\000e\000t\000a\000i\000l\000e\000d\000\040\000D\000e\000s\000c\000r\000i\000p\000t\000i\000o\000n}{section.5.6}% 53
\BOOKMARK [2][-]{subsection.5.6.2}{\376\377\0005\000.\0006\000.\0002\000\040\000C\000o\000n\000s\000t\000r\000u\000c\000t\000o\000r\000\040\000\046\000\040\000D\000e\000s\000t\000r\000u\000c\000t\000o\000r\000\040\000D\000o\000c\000u\000m\000e\000n\000t\000a\000t\000i\000o\000n}{section.5.6}% 54
\BOOKMARK [3][-]{subsubsection.5.6.2.1}{\376\377\0005\000.\0006\000.\0002\000.\0001\000\040\000S\000e\000r\000v\000i\000d\000o\000r\000\050\000\051\000\040\000[\0001\000/\0002\000]}{subsection.5.6.2}% 55
\BOOKMARK [3][-]{subsubsection.5.6.2.2}{\376\377\0005\000.\0006\000.\0002\000.\0002\000\040\000~\000S\000e\000r\000v\000i\000d\000o\000r\000\050\000\051}{subsection.5.6.2}% 56
\BOOKMARK [3][-]{subsubsection.5.6.2.3}{\376\377\0005\000.\0006\000.\0002\000.\0003\000\040\000S\000e\000r\000v\000i\000d\000o\000r\000\050\000\051\000\040\000[\0002\000/\0002\000]}{subsection.5.6.2}% 57
\BOOKMARK [2][-]{subsection.5.6.3}{\376\377\0005\000.\0006\000.\0003\000\040\000M\000e\000m\000b\000e\000r\000\040\000F\000u\000n\000c\000t\000i\000o\000n\000\040\000D\000o\000c\000u\000m\000e\000n\000t\000a\000t\000i\000o\000n}{section.5.6}% 58
\BOOKMARK [3][-]{subsubsection.5.6.3.1}{\376\377\0005\000.\0006\000.\0003\000.\0001\000\040\000g\000e\000t\000C\000o\000d\000i\000g\000o\000\050\000\051}{subsection.5.6.3}% 59
\BOOKMARK [3][-]{subsubsection.5.6.3.2}{\376\377\0005\000.\0006\000.\0003\000.\0002\000\040\000g\000e\000t\000D\000e\000s\000c\000\050\000\051}{subsection.5.6.3}% 60
\BOOKMARK [3][-]{subsubsection.5.6.3.3}{\376\377\0005\000.\0006\000.\0003\000.\0003\000\040\000g\000e\000t\000D\000o\000n\000o\000\050\000\051}{subsection.5.6.3}% 61
\BOOKMARK [3][-]{subsubsection.5.6.3.4}{\376\377\0005\000.\0006\000.\0003\000.\0004\000\040\000g\000e\000t\000N\000o\000m\000e\000\050\000\051}{subsection.5.6.3}% 62
\BOOKMARK [3][-]{subsubsection.5.6.3.5}{\376\377\0005\000.\0006\000.\0003\000.\0005\000\040\000g\000e\000t\000P\000a\000r\000t\000i\000c\000i\000p\000a\000n\000t\000e\000s\000I\000d\000\050\000\051}{subsection.5.6.3}% 63
\BOOKMARK [3][-]{subsubsection.5.6.3.6}{\376\377\0005\000.\0006\000.\0003\000.\0006\000\040\000s\000e\000t\000C\000o\000d\000i\000g\000o\000\050\000\051}{subsection.5.6.3}% 64
\BOOKMARK [3][-]{subsubsection.5.6.3.7}{\376\377\0005\000.\0006\000.\0003\000.\0007\000\040\000s\000e\000t\000D\000e\000s\000c\000r\000i\000c\000a\000o\000\050\000\051}{subsection.5.6.3}% 65
\BOOKMARK [3][-]{subsubsection.5.6.3.8}{\376\377\0005\000.\0006\000.\0003\000.\0008\000\040\000s\000e\000t\000N\000o\000m\000e\000\050\000\051}{subsection.5.6.3}% 66
\BOOKMARK [1][-]{section.5.7}{\376\377\0005\000.\0007\000\040\000S\000i\000s\000t\000e\000m\000a\000\040\000C\000l\000a\000s\000s\000\040\000R\000e\000f\000e\000r\000e\000n\000c\000e}{chapter.5}% 67
\BOOKMARK [2][-]{subsection.5.7.1}{\376\377\0005\000.\0007\000.\0001\000\040\000D\000e\000t\000a\000i\000l\000e\000d\000\040\000D\000e\000s\000c\000r\000i\000p\000t\000i\000o\000n}{section.5.7}% 68
\BOOKMARK [2][-]{subsection.5.7.2}{\376\377\0005\000.\0007\000.\0002\000\040\000C\000o\000n\000s\000t\000r\000u\000c\000t\000o\000r\000\040\000\046\000\040\000D\000e\000s\000t\000r\000u\000c\000t\000o\000r\000\040\000D\000o\000c\000u\000m\000e\000n\000t\000a\000t\000i\000o\000n}{section.5.7}% 69
\BOOKMARK [3][-]{subsubsection.5.7.2.1}{\376\377\0005\000.\0007\000.\0002\000.\0001\000\040\000S\000i\000s\000t\000e\000m\000a\000\050\000\051}{subsection.5.7.2}% 70
\BOOKMARK [3][-]{subsubsection.5.7.2.2}{\376\377\0005\000.\0007\000.\0002\000.\0002\000\040\000~\000S\000i\000s\000t\000e\000m\000a\000\050\000\051}{subsection.5.7.2}% 71
\BOOKMARK [2][-]{subsection.5.7.3}{\376\377\0005\000.\0007\000.\0003\000\040\000M\000e\000m\000b\000e\000r\000\040\000F\000u\000n\000c\000t\000i\000o\000n\000\040\000D\000o\000c\000u\000m\000e\000n\000t\000a\000t\000i\000o\000n}{section.5.7}% 72
\BOOKMARK [3][-]{subsubsection.5.7.3.1}{\376\377\0005\000.\0007\000.\0003\000.\0001\000\040\000c\000r\000e\000a\000t\000e\000\137\000c\000h\000a\000n\000n\000e\000l\000\050\000\051}{subsection.5.7.3}% 73
\BOOKMARK [3][-]{subsubsection.5.7.3.2}{\376\377\0005\000.\0007\000.\0003\000.\0002\000\040\000c\000r\000e\000a\000t\000e\000\137\000s\000e\000r\000v\000e\000r\000\050\000\051}{subsection.5.7.3}% 74
\BOOKMARK [3][-]{subsubsection.5.7.3.3}{\376\377\0005\000.\0007\000.\0003\000.\0003\000\040\000c\000r\000e\000a\000t\000e\000\137\000u\000s\000e\000r\000\050\000\051}{subsection.5.7.3}% 75
\BOOKMARK [3][-]{subsubsection.5.7.3.4}{\376\377\0005\000.\0007\000.\0003\000.\0004\000\040\000d\000i\000s\000c\000o\000n\000n\000e\000c\000t\000\050\000\051}{subsection.5.7.3}% 76
\BOOKMARK [3][-]{subsubsection.5.7.3.5}{\376\377\0005\000.\0007\000.\0003\000.\0005\000\040\000d\000o\000w\000n\000l\000o\000a\000d\000\050\000\051}{subsection.5.7.3}% 77
\BOOKMARK [3][-]{subsubsection.5.7.3.6}{\376\377\0005\000.\0007\000.\0003\000.\0006\000\040\000e\000n\000t\000e\000r\000\137\000c\000h\000a\000n\000n\000e\000l\000\050\000\051}{subsection.5.7.3}% 78
\BOOKMARK [3][-]{subsubsection.5.7.3.7}{\376\377\0005\000.\0007\000.\0003\000.\0007\000\040\000e\000n\000t\000e\000r\000\137\000s\000e\000r\000v\000e\000r\000\050\000\051}{subsection.5.7.3}% 79
\BOOKMARK [3][-]{subsubsection.5.7.3.8}{\376\377\0005\000.\0007\000.\0003\000.\0008\000\040\000i\000n\000i\000c\000i\000a\000r\000\050\000\051}{subsection.5.7.3}% 80
\BOOKMARK [3][-]{subsubsection.5.7.3.9}{\376\377\0005\000.\0007\000.\0003\000.\0009\000\040\000l\000e\000a\000v\000e\000\137\000c\000h\000a\000n\000n\000e\000l\000\050\000\051}{subsection.5.7.3}% 81
\BOOKMARK [3][-]{subsubsection.5.7.3.10}{\376\377\0005\000.\0007\000.\0003\000.\0001\0000\000\040\000l\000e\000a\000v\000e\000\137\000s\000e\000r\000v\000e\000r\000\050\000\051}{subsection.5.7.3}% 82
\BOOKMARK [3][-]{subsubsection.5.7.3.11}{\376\377\0005\000.\0007\000.\0003\000.\0001\0001\000\040\000l\000i\000s\000t\000\137\000c\000h\000a\000n\000n\000e\000l\000s\000\050\000\051}{subsection.5.7.3}% 83
\BOOKMARK [3][-]{subsubsection.5.7.3.12}{\376\377\0005\000.\0007\000.\0003\000.\0001\0002\000\040\000l\000i\000s\000t\000\137\000m\000e\000s\000s\000a\000g\000e\000s\000\050\000\051}{subsection.5.7.3}% 84
\BOOKMARK [3][-]{subsubsection.5.7.3.13}{\376\377\0005\000.\0007\000.\0003\000.\0001\0003\000\040\000l\000i\000s\000t\000\137\000p\000a\000r\000t\000i\000c\000i\000p\000a\000n\000t\000s\000\050\000\051}{subsection.5.7.3}% 85
\BOOKMARK [3][-]{subsubsection.5.7.3.14}{\376\377\0005\000.\0007\000.\0003\000.\0001\0004\000\040\000l\000i\000s\000t\000\137\000s\000e\000r\000v\000e\000r\000s\000\050\000\051}{subsection.5.7.3}% 86
\BOOKMARK [3][-]{subsubsection.5.7.3.15}{\376\377\0005\000.\0007\000.\0003\000.\0001\0005\000\040\000l\000o\000g\000i\000n\000\050\000\051}{subsection.5.7.3}% 87
\BOOKMARK [3][-]{subsubsection.5.7.3.16}{\376\377\0005\000.\0007\000.\0003\000.\0001\0006\000\040\000p\000r\000o\000c\000u\000r\000a\000r\000C\000a\000n\000a\000l\000\050\000\051}{subsection.5.7.3}% 88
\BOOKMARK [3][-]{subsubsection.5.7.3.17}{\376\377\0005\000.\0007\000.\0003\000.\0001\0007\000\040\000p\000r\000o\000c\000u\000r\000a\000r\000E\000m\000a\000i\000l\000\050\000\051}{subsection.5.7.3}% 89
\BOOKMARK [3][-]{subsubsection.5.7.3.18}{\376\377\0005\000.\0007\000.\0003\000.\0001\0008\000\040\000p\000r\000o\000c\000u\000r\000a\000r\000S\000e\000r\000v\000i\000d\000o\000r\000\050\000\051}{subsection.5.7.3}% 90
\BOOKMARK [3][-]{subsubsection.5.7.3.19}{\376\377\0005\000.\0007\000.\0003\000.\0001\0009\000\040\000q\000u\000i\000t\000\050\000\051}{subsection.5.7.3}% 91
\BOOKMARK [3][-]{subsubsection.5.7.3.20}{\376\377\0005\000.\0007\000.\0003\000.\0002\0000\000\040\000r\000e\000m\000o\000v\000e\000\137\000s\000e\000r\000v\000e\000r\000\050\000\051}{subsection.5.7.3}% 92
\BOOKMARK [3][-]{subsubsection.5.7.3.21}{\376\377\0005\000.\0007\000.\0003\000.\0002\0001\000\040\000s\000e\000n\000d\000\137\000m\000e\000s\000s\000a\000g\000e\000\050\000\051}{subsection.5.7.3}% 93
\BOOKMARK [3][-]{subsubsection.5.7.3.22}{\376\377\0005\000.\0007\000.\0003\000.\0002\0002\000\040\000s\000e\000t\000\137\000s\000e\000r\000v\000e\000r\000\137\000d\000e\000s\000c\000\050\000\051}{subsection.5.7.3}% 94
\BOOKMARK [3][-]{subsubsection.5.7.3.23}{\376\377\0005\000.\0007\000.\0003\000.\0002\0003\000\040\000s\000e\000t\000\137\000s\000e\000r\000v\000e\000r\000\137\000i\000n\000v\000i\000t\000e\000\137\000c\000o\000d\000e\000\050\000\051}{subsection.5.7.3}% 95
\BOOKMARK [3][-]{subsubsection.5.7.3.24}{\376\377\0005\000.\0007\000.\0003\000.\0002\0004\000\040\000t\000i\000m\000e\000M\000e\000s\000s\000a\000g\000e\000\050\000\051}{subsection.5.7.3}% 96
\BOOKMARK [3][-]{subsubsection.5.7.3.25}{\376\377\0005\000.\0007\000.\0003\000.\0002\0005\000\040\000u\000p\000l\000o\000a\000d\000\050\000\051}{subsection.5.7.3}% 97
\BOOKMARK [1][-]{section.5.8}{\376\377\0005\000.\0008\000\040\000U\000s\000u\000a\000r\000i\000o\000\040\000C\000l\000a\000s\000s\000\040\000R\000e\000f\000e\000r\000e\000n\000c\000e}{chapter.5}% 98
\BOOKMARK [2][-]{subsection.5.8.1}{\376\377\0005\000.\0008\000.\0001\000\040\000D\000e\000t\000a\000i\000l\000e\000d\000\040\000D\000e\000s\000c\000r\000i\000p\000t\000i\000o\000n}{section.5.8}% 99
\BOOKMARK [2][-]{subsection.5.8.2}{\376\377\0005\000.\0008\000.\0002\000\040\000C\000o\000n\000s\000t\000r\000u\000c\000t\000o\000r\000\040\000\046\000\040\000D\000e\000s\000t\000r\000u\000c\000t\000o\000r\000\040\000D\000o\000c\000u\000m\000e\000n\000t\000a\000t\000i\000o\000n}{section.5.8}% 100
\BOOKMARK [3][-]{subsubsection.5.8.2.1}{\376\377\0005\000.\0008\000.\0002\000.\0001\000\040\000U\000s\000u\000a\000r\000i\000o\000\050\000\051\000\040\000[\0001\000/\0002\000]}{subsection.5.8.2}% 101
\BOOKMARK [3][-]{subsubsection.5.8.2.2}{\376\377\0005\000.\0008\000.\0002\000.\0002\000\040\000~\000U\000s\000u\000a\000r\000i\000o\000\050\000\051}{subsection.5.8.2}% 102
\BOOKMARK [3][-]{subsubsection.5.8.2.3}{\376\377\0005\000.\0008\000.\0002\000.\0003\000\040\000U\000s\000u\000a\000r\000i\000o\000\050\000\051\000\040\000[\0002\000/\0002\000]}{subsection.5.8.2}% 103
\BOOKMARK [2][-]{subsection.5.8.3}{\376\377\0005\000.\0008\000.\0003\000\040\000M\000e\000m\000b\000e\000r\000\040\000F\000u\000n\000c\000t\000i\000o\000n\000\040\000D\000o\000c\000u\000m\000e\000n\000t\000a\000t\000i\000o\000n}{section.5.8}% 104
\BOOKMARK [3][-]{subsubsection.5.8.3.1}{\376\377\0005\000.\0008\000.\0003\000.\0001\000\040\000g\000e\000t\000E\000m\000a\000i\000l\000\050\000\051}{subsection.5.8.3}% 105
\BOOKMARK [3][-]{subsubsection.5.8.3.2}{\376\377\0005\000.\0008\000.\0003\000.\0002\000\040\000g\000e\000t\000I\000d\000\050\000\051}{subsection.5.8.3}% 106
\BOOKMARK [3][-]{subsubsection.5.8.3.3}{\376\377\0005\000.\0008\000.\0003\000.\0003\000\040\000g\000e\000t\000N\000o\000m\000e\000\050\000\051}{subsection.5.8.3}% 107
\BOOKMARK [3][-]{subsubsection.5.8.3.4}{\376\377\0005\000.\0008\000.\0003\000.\0004\000\040\000g\000e\000t\000S\000e\000n\000h\000a\000\050\000\051}{subsection.5.8.3}% 108
\BOOKMARK [3][-]{subsubsection.5.8.3.5}{\376\377\0005\000.\0008\000.\0003\000.\0005\000\040\000o\000p\000e\000r\000a\000t\000o\000r\000=\000=\000\050\000\051}{subsection.5.8.3}% 109
\BOOKMARK [3][-]{subsubsection.5.8.3.6}{\376\377\0005\000.\0008\000.\0003\000.\0006\000\040\000s\000e\000t\000E\000m\000a\000i\000l\000\050\000\051}{subsection.5.8.3}% 110
\BOOKMARK [3][-]{subsubsection.5.8.3.7}{\376\377\0005\000.\0008\000.\0003\000.\0007\000\040\000s\000e\000t\000I\000d\000\050\000\051}{subsection.5.8.3}% 111
\BOOKMARK [3][-]{subsubsection.5.8.3.8}{\376\377\0005\000.\0008\000.\0003\000.\0008\000\040\000s\000e\000t\000N\000o\000m\000e\000\050\000\051}{subsection.5.8.3}% 112
\BOOKMARK [3][-]{subsubsection.5.8.3.9}{\376\377\0005\000.\0008\000.\0003\000.\0009\000\040\000s\000e\000t\000S\000e\000n\000h\000a\000\050\000\051}{subsection.5.8.3}% 113
\BOOKMARK [0][-]{chapter.6}{\376\377\0006\000\040\000F\000i\000l\000e\000\040\000D\000o\000c\000u\000m\000e\000n\000t\000a\000t\000i\000o\000n}{}% 114
\BOOKMARK [1][-]{section.6.1}{\376\377\0006\000.\0001\000\040\000c\000a\000n\000a\000l\000.\000h}{chapter.6}% 115
\BOOKMARK [1][-]{section.6.2}{\376\377\0006\000.\0002\000\040\000c\000a\000n\000a\000l\000\137\000t\000e\000x\000t\000o\000.\000h}{chapter.6}% 116
\BOOKMARK [1][-]{section.6.3}{\376\377\0006\000.\0003\000\040\000c\000a\000n\000a\000l\000\137\000v\000o\000z\000.\000h}{chapter.6}% 117
\BOOKMARK [1][-]{section.6.4}{\376\377\0006\000.\0004\000\040\000c\000o\000n\000s\000t\000a\000n\000t\000e\000s\000.\000h}{chapter.6}% 118
\BOOKMARK [1][-]{section.6.5}{\376\377\0006\000.\0005\000\040\000m\000e\000n\000s\000a\000g\000e\000m\000.\000h}{chapter.6}% 119
\BOOKMARK [1][-]{section.6.6}{\376\377\0006\000.\0006\000\040\000p\000a\000r\000s\000e\000r\000.\000h}{chapter.6}% 120
\BOOKMARK [1][-]{section.6.7}{\376\377\0006\000.\0007\000\040\000s\000e\000r\000v\000i\000d\000o\000r\000.\000h}{chapter.6}% 121
\BOOKMARK [1][-]{section.6.8}{\376\377\0006\000.\0008\000\040\000s\000i\000s\000t\000e\000m\000a\000.\000h}{chapter.6}% 122
\BOOKMARK [1][-]{section.6.9}{\376\377\0006\000.\0009\000\040\000u\000s\000u\000a\000r\000i\000o\000.\000h}{chapter.6}% 123
\BOOKMARK [0][-]{section*.19}{\376\377\000I\000n\000d\000e\000x}{}% 124
